

Processing ContentController#load_content (for 117.253.175.78 at 2013-10-04 16:20:43) [GET]
  Session ID: 3b9516b54e58ac659c8b12a1c12e2c46
  Parameters: {"action"=>"load_content", "path"=>[], "controller"=>"content"}


ArgumentError (wrong number of arguments (1 for 0)):
    .//vendor/rails/activerecord/lib/active_record/vendor/mysql.rb:566:in `initialize'
    .//vendor/rails/activerecord/lib/active_record/vendor/mysql.rb:566:in `new'
    .//vendor/rails/activerecord/lib/active_record/vendor/mysql.rb:566:in `scramble41'
    .//vendor/rails/activerecord/lib/active_record/vendor/mysql.rb:144:in `real_connect'
    .//vendor/rails/activerecord/lib/active_record/connection_adapters/mysql_adapter.rb:389:in `connect'
    .//vendor/rails/activerecord/lib/active_record/connection_adapters/mysql_adapter.rb:152:in `initialize'
    .//vendor/rails/activerecord/lib/active_record/connection_adapters/mysql_adapter.rb:82:in `new'
    .//vendor/rails/activerecord/lib/active_record/connection_adapters/mysql_adapter.rb:82:in `mysql_connection'
    .//vendor/rails/activerecord/lib/active_record/connection_adapters/abstract/connection_specification.rb:262:in `send'
    .//vendor/rails/activerecord/lib/active_record/connection_adapters/abstract/connection_specification.rb:262:in `connection_without_query_cache='
    .//vendor/rails/activerecord/lib/active_record/query_cache.rb:54:in `connection='
    .//vendor/rails/activerecord/lib/active_record/connection_adapters/abstract/connection_specification.rb:230:in `retrieve_connection'
    .//vendor/rails/activerecord/lib/active_record/connection_adapters/abstract/connection_specification.rb:78:in `connection'
    .//vendor/rails/activerecord/lib/active_record/base.rb:763:in `columns'
    .//vendor/rails/activerecord/lib/active_record/base.rb:776:in `column_names'
    .//vendor/rails/activerecord/lib/active_record/base.rb:789:in `column_methods_hash'
    .//vendor/rails/activerecord/lib/active_record/base.rb:1263:in `all_attributes_exists?'
    .//vendor/rails/activesupport/lib/active_support/inflector.rb:250:in `all?'
    .//vendor/rails/activerecord/lib/active_record/base.rb:1263:in `each'
    .//vendor/rails/activerecord/lib/active_record/base.rb:1263:in `all?'
    .//vendor/rails/activerecord/lib/active_record/base.rb:1263:in `all_attributes_exists?'
    .//vendor/rails/activerecord/lib/active_record/base.rb:1197:in `method_missing'
    .//app/controllers/content_controller.rb:29:in `load_content'
    .//vendor/rails/actionpack/lib/action_controller/base.rb:1095:in `send'
    .//vendor/rails/actionpack/lib/action_controller/base.rb:1095:in `perform_action_without_filters'
    .//vendor/rails/actionpack/lib/action_controller/filters.rb:632:in `call_filter'
    .//vendor/rails/actionpack/lib/action_controller/filters.rb:638:in `call_filter'
    .//vendor/rails/actionpack/lib/action_controller/filters.rb:438:in `call'
    .//vendor/rails/actionpack/lib/action_controller/filters.rb:637:in `call_filter'
    .//vendor/rails/actionpack/lib/action_controller/filters.rb:634:in `call_filter'
    .//vendor/rails/actionpack/lib/action_controller/filters.rb:638:in `call_filter'
    .//vendor/rails/actionpack/lib/action_controller/filters.rb:438:in `call'
    .//vendor/rails/actionpack/lib/action_controller/filters.rb:637:in `call_filter'
    .//vendor/rails/actionpack/lib/action_controller/filters.rb:638:in `call_filter'
    .//vendor/rails/actionpack/lib/action_controller/filters.rb:438:in `call'
    .//vendor/rails/actionpack/lib/action_controller/filters.rb:637:in `call_filter'
    .//vendor/rails/actionpack/lib/action_controller/filters.rb:638:in `call_filter'
    .//vendor/rails/actionpack/lib/action_controller/filters.rb:438:in `call'
    .//vendor/rails/actionpack/lib/action_controller/filters.rb:637:in `call_filter'
    .//vendor/rails/actionpack/lib/action_controller/filters.rb:619:in `perform_action_without_benchmark'
    .//vendor/rails/actionpack/lib/action_controller/benchmarking.rb:66:in `perform_action_without_rescue'
    /usr/lib/ruby/1.8/benchmark.rb:293:in `measure'
    .//vendor/rails/actionpack/lib/action_controller/benchmarking.rb:66:in `perform_action_without_rescue'
    .//vendor/rails/actionpack/lib/action_controller/rescue.rb:83:in `perform_action'
    .//vendor/rails/actionpack/lib/action_controller/base.rb:430:in `send'
    .//vendor/rails/actionpack/lib/action_controller/base.rb:430:in `process_without_filters'
    .//vendor/rails/actionpack/lib/action_controller/filters.rb:624:in `process_without_session_management_support'
    .//vendor/rails/actionpack/lib/action_controller/session_management.rb:114:in `sass_old_process'
    .//vendor/plugins/haml/lib/sass/plugin.rb:116:in `process'
    .//vendor/rails/actionpack/lib/action_controller/base.rb:330:in `process'
    .//vendor/rails/railties/lib/dispatcher.rb:41:in `dispatch'
    .//vendor/rails/railties/lib/webrick_server.rb:113:in `handle_dispatch'
    .//vendor/rails/railties/lib/webrick_server.rb:79:in `service'
    /usr/lib/ruby/1.8/webrick/httpserver.rb:104:in `service'
    /usr/lib/ruby/1.8/webrick/httpserver.rb:65:in `run'
    /usr/lib/ruby/1.8/webrick/server.rb:173:in `start_thread'
    /usr/lib/ruby/1.8/webrick/server.rb:162:in `start'
    /usr/lib/ruby/1.8/webrick/server.rb:162:in `start_thread'
    /usr/lib/ruby/1.8/webrick/server.rb:95:in `start'
    /usr/lib/ruby/1.8/webrick/server.rb:92:in `each'
    /usr/lib/ruby/1.8/webrick/server.rb:92:in `start'
    /usr/lib/ruby/1.8/webrick/server.rb:23:in `start'
    /usr/lib/ruby/1.8/webrick/server.rb:82:in `start'
    .//vendor/rails/railties/lib/webrick_server.rb:63:in `dispatch'
    .//vendor/rails/railties/lib/commands/servers/webrick.rb:59
    /usr/lib/ruby/site_ruby/1.8/rubygems/custom_require.rb:36:in `gem_original_require'
    /usr/lib/ruby/site_ruby/1.8/rubygems/custom_require.rb:36:in `require'
    .//vendor/rails/activesupport/lib/active_support/dependencies.rb:495:in `require'
    .//vendor/rails/activesupport/lib/active_support/dependencies.rb:342:in `new_constants_in'
    .//vendor/rails/activesupport/lib/active_support/dependencies.rb:495:in `require'
    .//vendor/rails/railties/lib/commands/server.rb:39
    script/server:3:in `require'
    script/server:3


Rendering ./script/../config/../vendor/rails/actionpack/lib/action_controller/templates/rescues/layout.rhtml (500 Internal Error)


Processing ContentController#load_content (for 117.253.175.78 at 2013-10-04 16:20:44) [GET]
  Session ID: 3b9516b54e58ac659c8b12a1c12e2c46
  Parameters: {"action"=>"load_content", "path"=>[], "controller"=>"content"}


ArgumentError (wrong number of arguments (1 for 0)):
    .//vendor/rails/activerecord/lib/active_record/vendor/mysql.rb:566:in `initialize'
    .//vendor/rails/activerecord/lib/active_record/vendor/mysql.rb:566:in `new'
    .//vendor/rails/activerecord/lib/active_record/vendor/mysql.rb:566:in `scramble41'
    .//vendor/rails/activerecord/lib/active_record/vendor/mysql.rb:144:in `real_connect'
    .//vendor/rails/activerecord/lib/active_record/connection_adapters/mysql_adapter.rb:389:in `connect'
    .//vendor/rails/activerecord/lib/active_record/connection_adapters/mysql_adapter.rb:152:in `initialize'
    .//vendor/rails/activerecord/lib/active_record/connection_adapters/mysql_adapter.rb:82:in `new'
    .//vendor/rails/activerecord/lib/active_record/connection_adapters/mysql_adapter.rb:82:in `mysql_connection'
    .//vendor/rails/activerecord/lib/active_record/connection_adapters/abstract/connection_specification.rb:262:in `send'
    .//vendor/rails/activerecord/lib/active_record/connection_adapters/abstract/connection_specification.rb:262:in `connection_without_query_cache='
    .//vendor/rails/activerecord/lib/active_record/query_cache.rb:54:in `connection='
    .//vendor/rails/activerecord/lib/active_record/connection_adapters/abstract/connection_specification.rb:230:in `retrieve_connection'
    .//vendor/rails/activerecord/lib/active_record/connection_adapters/abstract/connection_specification.rb:78:in `connection'
    .//vendor/rails/activerecord/lib/active_record/base.rb:763:in `columns'
    .//vendor/rails/activerecord/lib/active_record/base.rb:776:in `column_names'
    .//vendor/rails/activerecord/lib/active_record/base.rb:789:in `column_methods_hash'
    .//vendor/rails/activerecord/lib/active_record/base.rb:1263:in `all_attributes_exists?'
    .//vendor/rails/activesupport/lib/active_support/inflector.rb:250:in `all?'
    .//vendor/rails/activerecord/lib/active_record/base.rb:1263:in `each'
    .//vendor/rails/activerecord/lib/active_record/base.rb:1263:in `all?'
    .//vendor/rails/activerecord/lib/active_record/base.rb:1263:in `all_attributes_exists?'
    .//vendor/rails/activerecord/lib/active_record/base.rb:1197:in `method_missing'
    .//app/controllers/content_controller.rb:29:in `load_content'
    .//vendor/rails/actionpack/lib/action_controller/base.rb:1095:in `send'
    .//vendor/rails/actionpack/lib/action_controller/base.rb:1095:in `perform_action_without_filters'
    .//vendor/rails/actionpack/lib/action_controller/filters.rb:632:in `call_filter'
    .//vendor/rails/actionpack/lib/action_controller/filters.rb:638:in `call_filter'
    .//vendor/rails/actionpack/lib/action_controller/filters.rb:438:in `call'
    .//vendor/rails/actionpack/lib/action_controller/filters.rb:637:in `call_filter'
    .//vendor/rails/actionpack/lib/action_controller/filters.rb:634:in `call_filter'
    .//vendor/rails/actionpack/lib/action_controller/filters.rb:638:in `call_filter'
    .//vendor/rails/actionpack/lib/action_controller/filters.rb:438:in `call'
    .//vendor/rails/actionpack/lib/action_controller/filters.rb:637:in `call_filter'
    .//vendor/rails/actionpack/lib/action_controller/filters.rb:638:in `call_filter'
    .//vendor/rails/actionpack/lib/action_controller/filters.rb:438:in `call'
    .//vendor/rails/actionpack/lib/action_controller/filters.rb:637:in `call_filter'
    .//vendor/rails/actionpack/lib/action_controller/filters.rb:638:in `call_filter'
    .//vendor/rails/actionpack/lib/action_controller/filters.rb:438:in `call'
    .//vendor/rails/actionpack/lib/action_controller/filters.rb:637:in `call_filter'
    .//vendor/rails/actionpack/lib/action_controller/filters.rb:619:in `perform_action_without_benchmark'
    .//vendor/rails/actionpack/lib/action_controller/benchmarking.rb:66:in `perform_action_without_rescue'
    /usr/lib/ruby/1.8/benchmark.rb:293:in `measure'
    .//vendor/rails/actionpack/lib/action_controller/benchmarking.rb:66:in `perform_action_without_rescue'
    .//vendor/rails/actionpack/lib/action_controller/rescue.rb:83:in `perform_action'
    .//vendor/rails/actionpack/lib/action_controller/base.rb:430:in `send'
    .//vendor/rails/actionpack/lib/action_controller/base.rb:430:in `process_without_filters'
    .//vendor/rails/actionpack/lib/action_controller/filters.rb:624:in `process_without_session_management_support'
    .//vendor/rails/actionpack/lib/action_controller/session_management.rb:114:in `sass_old_process'
    .//vendor/plugins/haml/lib/sass/plugin.rb:116:in `process'
    .//vendor/rails/actionpack/lib/action_controller/base.rb:330:in `process'
    .//vendor/rails/railties/lib/dispatcher.rb:41:in `dispatch'
    .//vendor/rails/railties/lib/webrick_server.rb:113:in `handle_dispatch'
    .//vendor/rails/railties/lib/webrick_server.rb:79:in `service'
    /usr/lib/ruby/1.8/webrick/httpserver.rb:104:in `service'
    /usr/lib/ruby/1.8/webrick/httpserver.rb:65:in `run'
    /usr/lib/ruby/1.8/webrick/server.rb:173:in `start_thread'
    /usr/lib/ruby/1.8/webrick/server.rb:162:in `start'
    /usr/lib/ruby/1.8/webrick/server.rb:162:in `start_thread'
    /usr/lib/ruby/1.8/webrick/server.rb:95:in `start'
    /usr/lib/ruby/1.8/webrick/server.rb:92:in `each'
    /usr/lib/ruby/1.8/webrick/server.rb:92:in `start'
    /usr/lib/ruby/1.8/webrick/server.rb:23:in `start'
    /usr/lib/ruby/1.8/webrick/server.rb:82:in `start'
    .//vendor/rails/railties/lib/webrick_server.rb:63:in `dispatch'
    .//vendor/rails/railties/lib/commands/servers/webrick.rb:59
    /usr/lib/ruby/site_ruby/1.8/rubygems/custom_require.rb:36:in `gem_original_require'
    /usr/lib/ruby/site_ruby/1.8/rubygems/custom_require.rb:36:in `require'
    .//vendor/rails/activesupport/lib/active_support/dependencies.rb:495:in `require'
    .//vendor/rails/activesupport/lib/active_support/dependencies.rb:342:in `new_constants_in'
    .//vendor/rails/activesupport/lib/active_support/dependencies.rb:495:in `require'
    .//vendor/rails/railties/lib/commands/server.rb:39
    script/server:3:in `require'
    script/server:3


Rendering ./script/../config/../vendor/rails/actionpack/lib/action_controller/templates/rescues/layout.rhtml (500 Internal Error)


Processing ContentController#load_content (for 117.235.96.193 at 2013-10-04 16:22:24) [GET]
  Session ID: afa842c9c3d24f14d394d149f5a4dc7b
  Parameters: {"action"=>"load_content", "path"=>[], "controller"=>"content"}


ArgumentError (wrong number of arguments (1 for 0)):
    .//vendor/rails/activerecord/lib/active_record/vendor/mysql.rb:566:in `initialize'
    .//vendor/rails/activerecord/lib/active_record/vendor/mysql.rb:566:in `new'
    .//vendor/rails/activerecord/lib/active_record/vendor/mysql.rb:566:in `scramble41'
    .//vendor/rails/activerecord/lib/active_record/vendor/mysql.rb:144:in `real_connect'
    .//vendor/rails/activerecord/lib/active_record/connection_adapters/mysql_adapter.rb:389:in `connect'
    .//vendor/rails/activerecord/lib/active_record/connection_adapters/mysql_adapter.rb:152:in `initialize'
    .//vendor/rails/activerecord/lib/active_record/connection_adapters/mysql_adapter.rb:82:in `new'
    .//vendor/rails/activerecord/lib/active_record/connection_adapters/mysql_adapter.rb:82:in `mysql_connection'
    .//vendor/rails/activerecord/lib/active_record/connection_adapters/abstract/connection_specification.rb:262:in `send'
    .//vendor/rails/activerecord/lib/active_record/connection_adapters/abstract/connection_specification.rb:262:in `connection_without_query_cache='
    .//vendor/rails/activerecord/lib/active_record/query_cache.rb:54:in `connection='
    .//vendor/rails/activerecord/lib/active_record/connection_adapters/abstract/connection_specification.rb:230:in `retrieve_connection'
    .//vendor/rails/activerecord/lib/active_record/connection_adapters/abstract/connection_specification.rb:78:in `connection'
    .//vendor/rails/activerecord/lib/active_record/base.rb:763:in `columns'
    .//vendor/rails/activerecord/lib/active_record/base.rb:776:in `column_names'
    .//vendor/rails/activerecord/lib/active_record/base.rb:789:in `column_methods_hash'
    .//vendor/rails/activerecord/lib/active_record/base.rb:1263:in `all_attributes_exists?'
    .//vendor/rails/activesupport/lib/active_support/inflector.rb:250:in `all?'
    .//vendor/rails/activerecord/lib/active_record/base.rb:1263:in `each'
    .//vendor/rails/activerecord/lib/active_record/base.rb:1263:in `all?'
    .//vendor/rails/activerecord/lib/active_record/base.rb:1263:in `all_attributes_exists?'
    .//vendor/rails/activerecord/lib/active_record/base.rb:1197:in `method_missing'
    .//app/controllers/content_controller.rb:29:in `load_content'
    .//vendor/rails/actionpack/lib/action_controller/base.rb:1095:in `send'
    .//vendor/rails/actionpack/lib/action_controller/base.rb:1095:in `perform_action_without_filters'
    .//vendor/rails/actionpack/lib/action_controller/filters.rb:632:in `call_filter'
    .//vendor/rails/actionpack/lib/action_controller/filters.rb:638:in `call_filter'
    .//vendor/rails/actionpack/lib/action_controller/filters.rb:438:in `call'
    .//vendor/rails/actionpack/lib/action_controller/filters.rb:637:in `call_filter'
    .//vendor/rails/actionpack/lib/action_controller/filters.rb:634:in `call_filter'
    .//vendor/rails/actionpack/lib/action_controller/filters.rb:638:in `call_filter'
    .//vendor/rails/actionpack/lib/action_controller/filters.rb:438:in `call'
    .//vendor/rails/actionpack/lib/action_controller/filters.rb:637:in `call_filter'
    .//vendor/rails/actionpack/lib/action_controller/filters.rb:638:in `call_filter'
    .//vendor/rails/actionpack/lib/action_controller/filters.rb:438:in `call'
    .//vendor/rails/actionpack/lib/action_controller/filters.rb:637:in `call_filter'
    .//vendor/rails/actionpack/lib/action_controller/filters.rb:638:in `call_filter'
    .//vendor/rails/actionpack/lib/action_controller/filters.rb:438:in `call'
    .//vendor/rails/actionpack/lib/action_controller/filters.rb:637:in `call_filter'
    .//vendor/rails/actionpack/lib/action_controller/filters.rb:619:in `perform_action_without_benchmark'
    .//vendor/rails/actionpack/lib/action_controller/benchmarking.rb:66:in `perform_action_without_rescue'
    /usr/lib/ruby/1.8/benchmark.rb:293:in `measure'
    .//vendor/rails/actionpack/lib/action_controller/benchmarking.rb:66:in `perform_action_without_rescue'
    .//vendor/rails/actionpack/lib/action_controller/rescue.rb:83:in `perform_action'
    .//vendor/rails/actionpack/lib/action_controller/base.rb:430:in `send'
    .//vendor/rails/actionpack/lib/action_controller/base.rb:430:in `process_without_filters'
    .//vendor/rails/actionpack/lib/action_controller/filters.rb:624:in `process_without_session_management_support'
    .//vendor/rails/actionpack/lib/action_controller/session_management.rb:114:in `sass_old_process'
    .//vendor/plugins/haml/lib/sass/plugin.rb:116:in `process'
    .//vendor/rails/actionpack/lib/action_controller/base.rb:330:in `process'
    .//vendor/rails/railties/lib/dispatcher.rb:41:in `dispatch'
    .//vendor/rails/railties/lib/webrick_server.rb:113:in `handle_dispatch'
    .//vendor/rails/railties/lib/webrick_server.rb:79:in `service'
    /usr/lib/ruby/1.8/webrick/httpserver.rb:104:in `service'
    /usr/lib/ruby/1.8/webrick/httpserver.rb:65:in `run'
    /usr/lib/ruby/1.8/webrick/server.rb:173:in `start_thread'
    /usr/lib/ruby/1.8/webrick/server.rb:162:in `start'
    /usr/lib/ruby/1.8/webrick/server.rb:162:in `start_thread'
    /usr/lib/ruby/1.8/webrick/server.rb:95:in `start'
    /usr/lib/ruby/1.8/webrick/server.rb:92:in `each'
    /usr/lib/ruby/1.8/webrick/server.rb:92:in `start'
    /usr/lib/ruby/1.8/webrick/server.rb:23:in `start'
    /usr/lib/ruby/1.8/webrick/server.rb:82:in `start'
    .//vendor/rails/railties/lib/webrick_server.rb:63:in `dispatch'
    .//vendor/rails/railties/lib/commands/servers/webrick.rb:59
    /usr/lib/ruby/site_ruby/1.8/rubygems/custom_require.rb:36:in `gem_original_require'
    /usr/lib/ruby/site_ruby/1.8/rubygems/custom_require.rb:36:in `require'
    .//vendor/rails/activesupport/lib/active_support/dependencies.rb:495:in `require'
    .//vendor/rails/activesupport/lib/active_support/dependencies.rb:342:in `new_constants_in'
    .//vendor/rails/activesupport/lib/active_support/dependencies.rb:495:in `require'
    .//vendor/rails/railties/lib/commands/server.rb:39
    script/server:3:in `require'
    script/server:3


Rendering ./script/../config/../vendor/rails/actionpack/lib/action_controller/templates/rescues/layout.rhtml (500 Internal Error)
